# JRE version: OpenJDK Runtime Environment Temurin-17.0.6+10 (17.0.6+10) (build 17.0.6+10)
# Java VM: OpenJDK 64-Bit Server VM Temurin-17.0.6+10 (17.0.6+10, mixed mode, tiered, compressed oops, compressed class ptrs, parallel gc, linux-amd64)
GC Precious Log:
 CPUs: 4 total, 4 available
 Memory: 7824M
 Large Page Support: Disabled
 NUMA Support: Disabled
 Compressed Oops: Enabled (32-bit)
 Alignments: Space 512K, Generation 512K, Heap 2M
 Heap Min Capacity: 100M
 Heap Initial Capacity: 100M
 Heap Max Capacity: 1G
 Pre-touch: Disabled
 Parallel Workers: 4
Heap:
 PSYoungGen      total 6656K, used 6612K [0x00000000eab00000, 0x00000000eb600000, 0x0000000100000000)
  eden space 5120K, 100% used [0x00000000eab00000,0x00000000eb000000,0x00000000eb000000)
  from space 1536K, 97% used [0x00000000eb300000,0x00000000eb4751d0,0x00000000eb480000)
  to   space 1536K, 0% used [0x00000000eb480000,0x00000000eb480000,0x00000000eb600000)
 ParOldGen       total 170496K, used 151671K [0x00000000c0000000, 0x00000000ca680000, 0x00000000eab00000)
  object space 170496K, 88% used [0x00000000c0000000,0x00000000c941dcf8,0x00000000ca680000)
 Metaspace       used 85681K, committed 87040K, reserved 1130496K
  class space    used 8962K, committed 9536K, reserved 1048576K
GC Heap History (20 events):
Event: 729.446 GC heap before
{Heap before GC invocations=571 (full 15):
 PSYoungGen      total 6656K, used 5879K [0x00000000eab00000, 0x00000000eb580000, 0x0000000100000000)
  eden space 5120K, 99% used [0x00000000eab00000,0x00000000eaff3588,0x00000000eb000000)
  from space 1536K, 52% used [0x00000000eb300000,0x00000000eb3ca910,0x00000000eb480000)
  to   space 1024K, 0% used [0x00000000eb480000,0x00000000eb480000,0x00000000eb580000)
 ParOldGen       total 170496K, used 142980K [0x00000000c0000000, 0x00000000ca680000, 0x00000000eab00000)
  object space 170496K, 83% used [0x00000000c0000000,0x00000000c8ba1000,0x00000000ca680000)
 Metaspace       used 85609K, committed 86976K, reserved 1130496K
  class space    used 8962K, committed 9536K, reserved 1048576K
}
Event: 729.448 GC heap after
{Heap after GC invocations=571 (full 15):
 PSYoungGen      total 6144K, used 574K [0x00000000eab00000, 0x00000000eb580000, 0x0000000100000000)
  eden space 5120K, 0% used [0x00000000eab00000,0x00000000eab00000,0x00000000eb000000)
  from space 1024K, 56% used [0x00000000eb480000,0x00000000eb50f818,0x00000000eb580000)
  to   space 1024K, 0% used [0x00000000eb380000,0x00000000eb380000,0x00000000eb480000)
 ParOldGen       total 170496K, used 143677K [0x00000000c0000000, 0x00000000ca680000, 0x00000000eab00000)
  object space 170496K, 84% used [0x00000000c0000000,0x00000000c8c4f450,0x00000000ca680000)
 Metaspace       used 85609K, committed 86976K, reserved 1130496K
  class space    used 8962K, committed 9536K, reserved 1048576K
}
Event: 729.957 GC heap before
{Heap before GC invocations=572 (full 15):
 PSYoungGen      total 6144K, used 5694K [0x00000000eab00000, 0x00000000eb580000, 0x0000000100000000)
  eden space 5120K, 100% used [0x00000000eab00000,0x00000000eb000000,0x00000000eb000000)
  from space 1024K, 56% used [0x00000000eb480000,0x00000000eb50f818,0x00000000eb580000)
  to   space 1024K, 0% used [0x00000000eb380000,0x00000000eb380000,0x00000000eb480000)
 ParOldGen       total 170496K, used 143677K [0x00000000c0000000, 0x00000000ca680000, 0x00000000eab00000)
  object space 170496K, 84% used [0x00000000c0000000,0x00000000c8c4f450,0x00000000ca680000)
 Metaspace       used 85622K, committed 87040K, reserved 1130496K
  class space    used 8962K, committed 9536K, reserved 1048576K
}
Event: 729.959 GC heap after
{Heap after GC invocations=572 (full 15):
 PSYoungGen      total 6144K, used 884K [0x00000000eab00000, 0x00000000eb500000, 0x0000000100000000)
  eden space 5120K, 0% used [0x00000000eab00000,0x00000000eab00000,0x00000000eb000000)
  from space 1024K, 86% used [0x00000000eb380000,0x00000000eb45d360,0x00000000eb480000)
  to   space 512K, 0% used [0x00000000eb480000,0x00000000eb480000,0x00000000eb500000)
 ParOldGen       total 170496K, used 144224K [0x00000000c0000000, 0x00000000ca680000, 0x00000000eab00000)
  object space 170496K, 84% used [0x00000000c0000000,0x00000000c8cd81f0,0x00000000ca680000)
 Metaspace       used 85622K, committed 87040K, reserved 1130496K
  class space    used 8962K, committed 9536K, reserved 1048576K
}
Event: 730.138 GC heap before
{Heap before GC invocations=573 (full 15):
 PSYoungGen      total 6144K, used 6004K [0x00000000eab00000, 0x00000000eb500000, 0x0000000100000000)
  eden space 5120K, 100% used [0x00000000eab00000,0x00000000eb000000,0x00000000eb000000)
  from space 1024K, 86% used [0x00000000eb380000,0x00000000eb45d360,0x00000000eb480000)
  to   space 512K, 0% used [0x00000000eb480000,0x00000000eb480000,0x00000000eb500000)
 ParOldGen       total 170496K, used 144224K [0x00000000c0000000, 0x00000000ca680000, 0x00000000eab00000)
  object space 170496K, 84% used [0x00000000c0000000,0x00000000c8cd81f0,0x00000000ca680000)
 Metaspace       used 85624K, committed 87040K, reserved 1130496K
  class space    used 8962K, committed 9536K, reserved 1048576K
}
Event: 730.142 GC heap after
{Heap after GC invocations=573 (full 15):
 PSYoungGen      total 5632K, used 500K [0x00000000eab00000, 0x00000000eb500000, 0x0000000100000000)
  eden space 5120K, 0% used [0x00000000eab00000,0x00000000eab00000,0x00000000eb000000)
  from space 512K, 97% used [0x00000000eb480000,0x00000000eb4fd200,0x00000000eb500000)
  to   space 1536K, 0% used [0x00000000eb200000,0x00000000eb200000,0x00000000eb380000)
 ParOldGen       total 170496K, used 145068K [0x00000000c0000000, 0x00000000ca680000, 0x00000000eab00000)
  object space 170496K, 85% used [0x00000000c0000000,0x00000000c8dab068,0x00000000ca680000)
 Metaspace       used 85624K, committed 87040K, reserved 1130496K
  class space    used 8962K, committed 9536K, reserved 1048576K
}
Event: 730.171 GC heap before
{Heap before GC invocations=574 (full 15):
 PSYoungGen      total 5632K, used 5620K [0x00000000eab00000, 0x00000000eb500000, 0x0000000100000000)
  eden space 5120K, 100% used [0x00000000eab00000,0x00000000eb000000,0x00000000eb000000)
  from space 512K, 97% used [0x00000000eb480000,0x00000000eb4fd200,0x00000000eb500000)
  to   space 1536K, 0% used [0x00000000eb200000,0x00000000eb200000,0x00000000eb380000)
 ParOldGen       total 170496K, used 145068K [0x00000000c0000000, 0x00000000ca680000, 0x00000000eab00000)
  object space 170496K, 85% used [0x00000000c0000000,0x00000000c8dab068,0x00000000ca680000)
 Metaspace       used 85635K, committed 87040K, reserved 1130496K
  class space    used 8962K, committed 9536K, reserved 1048576K
}
Event: 730.180 GC heap after
{Heap after GC invocations=574 (full 15):
 PSYoungGen      total 6656K, used 1535K [0x00000000eab00000, 0x00000000ebc00000, 0x0000000100000000)
  eden space 5120K, 0% used [0x00000000eab00000,0x00000000eab00000,0x00000000eb000000)
  from space 1536K, 99% used [0x00000000eb200000,0x00000000eb37ffd0,0x00000000eb380000)
  to   space 6144K, 0% used [0x00000000eb600000,0x00000000eb600000,0x00000000ebc00000)
 ParOldGen       total 170496K, used 148776K [0x00000000c0000000, 0x00000000ca680000, 0x00000000eab00000)
  object space 170496K, 87% used [0x00000000c0000000,0x00000000c914a288,0x00000000ca680000)
 Metaspace       used 85635K, committed 87040K, reserved 1130496K
  class space    used 8962K, committed 9536K, reserved 1048576K
}
Event: 730.197 GC heap before
{Heap before GC invocations=575 (full 15):
 PSYoungGen      total 6656K, used 6655K [0x00000000eab00000, 0x00000000ebc00000, 0x0000000100000000)
  eden space 5120K, 100% used [0x00000000eab00000,0x00000000eb000000,0x00000000eb000000)
  from space 1536K, 99% used [0x00000000eb200000,0x00000000eb37ffd0,0x00000000eb380000)
  to   space 6144K, 0% used [0x00000000eb600000,0x00000000eb600000,0x00000000ebc00000)
 ParOldGen       total 170496K, used 148776K [0x00000000c0000000, 0x00000000ca680000, 0x00000000eab00000)
  object space 170496K, 87% used [0x00000000c0000000,0x00000000c914a288,0x00000000ca680000)
 Metaspace       used 85635K, committed 87040K, reserved 1130496K
  class space    used 8962K, committed 9536K, reserved 1048576K
}
Event: 730.199 GC heap after
{Heap after GC invocations=575 (full 15):
 PSYoungGen      total 5632K, used 506K [0x00000000eab00000, 0x00000000eb680000, 0x0000000100000000)
  eden space 5120K, 0% used [0x00000000eab00000,0x00000000eab00000,0x00000000eb000000)
  from space 512K, 98% used [0x00000000eb600000,0x00000000eb67e900,0x00000000eb680000)
  to   space 2560K, 0% used [0x00000000eb180000,0x00000000eb180000,0x00000000eb400000)
 ParOldGen       total 170496K, used 148792K [0x00000000c0000000, 0x00000000ca680000, 0x00000000eab00000)
  object space 170496K, 87% used [0x00000000c0000000,0x00000000c914e288,0x00000000ca680000)
 Metaspace       used 85635K, committed 87040K, reserved 1130496K
  class space    used 8962K, committed 9536K, reserved 1048576K
}
Event: 730.228 GC heap before
{Heap before GC invocations=576 (full 15):
 PSYoungGen      total 5632K, used 5626K [0x00000000eab00000, 0x00000000eb680000, 0x0000000100000000)
  eden space 5120K, 100% used [0x00000000eab00000,0x00000000eb000000,0x00000000eb000000)
  from space 512K, 98% used [0x00000000eb600000,0x00000000eb67e900,0x00000000eb680000)
  to   space 2560K, 0% used [0x00000000eb180000,0x00000000eb180000,0x00000000eb400000)
 ParOldGen       total 170496K, used 148792K [0x00000000c0000000, 0x00000000ca680000, 0x00000000eab00000)
  object space 170496K, 87% used [0x00000000c0000000,0x00000000c914e288,0x00000000ca680000)
 Metaspace       used 85635K, committed 87040K, reserved 1130496K
  class space    used 8962K, committed 9536K, reserved 1048576K
}
Event: 730.231 GC heap after
{Heap after GC invocations=576 (full 15):
 PSYoungGen      total 7680K, used 512K [0x00000000eab00000, 0x00000000eb680000, 0x0000000100000000)
  eden space 5120K, 0% used [0x00000000eab00000,0x00000000eab00000,0x00000000eb000000)
  from space 2560K, 20% used [0x00000000eb180000,0x00000000eb200000,0x00000000eb400000)
  to   space 1024K, 0% used [0x00000000eb580000,0x00000000eb580000,0x00000000eb680000)
 ParOldGen       total 170496K, used 149269K [0x00000000c0000000, 0x00000000ca680000, 0x00000000eab00000)
  object space 170496K, 87% used [0x00000000c0000000,0x00000000c91c5488,0x00000000ca680000)
 Metaspace       used 85635K, committed 87040K, reserved 1130496K
  class space    used 8962K, committed 9536K, reserved 1048576K
}
Event: 730.248 GC heap before
{Heap before GC invocations=577 (full 15):
 PSYoungGen      total 7680K, used 5632K [0x00000000eab00000, 0x00000000eb680000, 0x0000000100000000)
  eden space 5120K, 100% used [0x00000000eab00000,0x00000000eb000000,0x00000000eb000000)
  from space 2560K, 20% used [0x00000000eb180000,0x00000000eb200000,0x00000000eb400000)
  to   space 1024K, 0% used [0x00000000eb580000,0x00000000eb580000,0x00000000eb680000)
 ParOldGen       total 170496K, used 149269K [0x00000000c0000000, 0x00000000ca680000, 0x00000000eab00000)
  object space 170496K, 87% used [0x00000000c0000000,0x00000000c91c5488,0x00000000ca680000)
 Metaspace       used 85635K, committed 87040K, reserved 1130496K
  class space    used 8962K, committed 9536K, reserved 1048576K
}
Event: 730.250 GC heap after
{Heap after GC invocations=577 (full 15):
 PSYoungGen      total 6144K, used 730K [0x00000000eab00000, 0x00000000eb680000, 0x0000000100000000)
  eden space 5120K, 0% used [0x00000000eab00000,0x00000000eab00000,0x00000000eb000000)
  from space 1024K, 71% used [0x00000000eb580000,0x00000000eb636900,0x00000000eb680000)
  to   space 1024K, 0% used [0x00000000eb480000,0x00000000eb480000,0x00000000eb580000)
 ParOldGen       total 170496K, used 149709K [0x00000000c0000000, 0x00000000ca680000, 0x00000000eab00000)
  object space 170496K, 87% used [0x00000000c0000000,0x00000000c92334a8,0x00000000ca680000)
 Metaspace       used 85635K, committed 87040K, reserved 1130496K
  class space    used 8962K, committed 9536K, reserved 1048576K
}
Event: 730.459 GC heap before
{Heap before GC invocations=578 (full 15):
 PSYoungGen      total 6144K, used 5850K [0x00000000eab00000, 0x00000000eb680000, 0x0000000100000000)
  eden space 5120K, 100% used [0x00000000eab00000,0x00000000eb000000,0x00000000eb000000)
  from space 1024K, 71% used [0x00000000eb580000,0x00000000eb636900,0x00000000eb680000)
  to   space 1024K, 0% used [0x00000000eb480000,0x00000000eb480000,0x00000000eb580000)
 ParOldGen       total 170496K, used 149709K [0x00000000c0000000, 0x00000000ca680000, 0x00000000eab00000)
  object space 170496K, 87% used [0x00000000c0000000,0x00000000c92334a8,0x00000000ca680000)
 Metaspace       used 85668K, committed 87040K, reserved 1130496K
  class space    used 8962K, committed 9536K, reserved 1048576K
}
Event: 730.462 GC heap after
{Heap after GC invocations=578 (full 15):
 PSYoungGen      total 6144K, used 576K [0x00000000eab00000, 0x00000000eb600000, 0x0000000100000000)
  eden space 5120K, 0% used [0x00000000eab00000,0x00000000eab00000,0x00000000eb000000)
  from space 1024K, 56% used [0x00000000eb480000,0x00000000eb510000,0x00000000eb580000)
  to   space 512K, 0% used [0x00000000eb580000,0x00000000eb580000,0x00000000eb600000)
 ParOldGen       total 170496K, used 150358K [0x00000000c0000000, 0x00000000ca680000, 0x00000000eab00000)
  object space 170496K, 88% used [0x00000000c0000000,0x00000000c92d58c0,0x00000000ca680000)
 Metaspace       used 85668K, committed 87040K, reserved 1130496K
  class space    used 8962K, committed 9536K, reserved 1048576K
}
Event: 730.482 GC heap before
{Heap before GC invocations=579 (full 15):
 PSYoungGen      total 6144K, used 5696K [0x00000000eab00000, 0x00000000eb600000, 0x0000000100000000)
  eden space 5120K, 100% used [0x00000000eab00000,0x00000000eb000000,0x00000000eb000000)
  from space 1024K, 56% used [0x00000000eb480000,0x00000000eb510000,0x00000000eb580000)
  to   space 512K, 0% used [0x00000000eb580000,0x00000000eb580000,0x00000000eb600000)
 ParOldGen       total 170496K, used 150358K [0x00000000c0000000, 0x00000000ca680000, 0x00000000eab00000)
  object space 170496K, 88% used [0x00000000c0000000,0x00000000c92d58c0,0x00000000ca680000)
 Metaspace       used 85668K, committed 87040K, reserved 1130496K
  class space    used 8962K, committed 9536K, reserved 1048576K
}
Event: 730.484 GC heap after
{Heap after GC invocations=579 (full 15):
 PSYoungGen      total 5632K, used 506K [0x00000000eab00000, 0x00000000eb600000, 0x0000000100000000)
  eden space 5120K, 0% used [0x00000000eab00000,0x00000000eab00000,0x00000000eb000000)
  from space 512K, 98% used [0x00000000eb580000,0x00000000eb5fe900,0x00000000eb600000)
  to   space 1536K, 0% used [0x00000000eb300000,0x00000000eb300000,0x00000000eb480000)
 ParOldGen       total 170496K, used 151174K [0x00000000c0000000, 0x00000000ca680000, 0x00000000eab00000)
  object space 170496K, 88% used [0x00000000c0000000,0x00000000c93a1900,0x00000000ca680000)
 Metaspace       used 85668K, committed 87040K, reserved 1130496K
  class space    used 8962K, committed 9536K, reserved 1048576K
}
Event: 730.658 GC heap before
{Heap before GC invocations=580 (full 15):
 PSYoungGen      total 5632K, used 5626K [0x00000000eab00000, 0x00000000eb600000, 0x0000000100000000)
  eden space 5120K, 100% used [0x00000000eab00000,0x00000000eb000000,0x00000000eb000000)
  from space 512K, 98% used [0x00000000eb580000,0x00000000eb5fe900,0x00000000eb600000)
  to   space 1536K, 0% used [0x00000000eb300000,0x00000000eb300000,0x00000000eb480000)
 ParOldGen       total 170496K, used 151174K [0x00000000c0000000, 0x00000000ca680000, 0x00000000eab00000)
  object space 170496K, 88% used [0x00000000c0000000,0x00000000c93a1900,0x00000000ca680000)
 Metaspace       used 85681K, committed 87040K, reserved 1130496K
  class space    used 8962K, committed 9536K, reserved 1048576K
}
Event: 730.660 GC heap after
{Heap after GC invocations=580 (full 15):
 PSYoungGen      total 6656K, used 1492K [0x00000000eab00000, 0x00000000eb600000, 0x0000000100000000)
  eden space 5120K, 0% used [0x00000000eab00000,0x00000000eab00000,0x00000000eb000000)
  from space 1536K, 97% used [0x00000000eb300000,0x00000000eb4751d0,0x00000000eb480000)
  to   space 1536K, 0% used [0x00000000eb480000,0x00000000eb480000,0x00000000eb600000)
 ParOldGen       total 170496K, used 151671K [0x00000000c0000000, 0x00000000ca680000, 0x00000000eab00000)
  object space 170496K, 88% used [0x00000000c0000000,0x00000000c941dcf8,0x00000000ca680000)
 Metaspace       used 85681K, committed 87040K, reserved 1130496K
  class space    used 8962K, committed 9536K, reserved 1048576K
}

